|SourceProjectName:TPubTemp.pss
|DestinationProjectName:index.html
TPubTemp.hhc
TPubTemp.hhk
IP_camera_manual\cover_page\cover_page.htm
IP_camera_manual\framemaker_assignment\framemaker_assignment.htm
IP_camera_manual\IPcameraIOM\IPcameraIOM.htm
IP_camera_manual\IPcameraTOC\IPcameraTOC.htm
TPubTemp.glo
template\Azure_blueResponsive_HTML5\andsearch_mark.png
template\Azure_blueResponsive_HTML5\andsearch_nomark.png
template\Azure_blueResponsive_HTML5\back_mobile_filter.png
template\Azure_blueResponsive_HTML5\back_mobile_ltr.png
template\Azure_blueResponsive_HTML5\back_mobile_rtl.png
template\Azure_blueResponsive_HTML5\filter_clearall.png
template\Azure_blueResponsive_HTML5\filter_desktop.png
template\Azure_blueResponsive_HTML5\filter_desktop_applied.png
template\Azure_blueResponsive_HTML5\filter_mark.png
template\Azure_blueResponsive_HTML5\filter_mark_radio.png
template\Azure_blueResponsive_HTML5\filter_mobile.png
template\Azure_blueResponsive_HTML5\filter_mobile_applied.png
template\Azure_blueResponsive_HTML5\filter_nomark.png
template\Azure_blueResponsive_HTML5\filter_nomark_radio.png
template\Azure_blueResponsive_HTML5\filter_tab.png
template\Azure_blueResponsive_HTML5\filter_tab_applied.png
template\Azure_blueResponsive_HTML5\glossary_desktop.png
template\Azure_blueResponsive_HTML5\glossary_mobile.png
template\Azure_blueResponsive_HTML5\glossary_tab.png
template\Azure_blueResponsive_HTML5\idx_topic.png
template\Azure_blueResponsive_HTML5\index_desktop.png
template\Azure_blueResponsive_HTML5\index_mobile.png
template\Azure_blueResponsive_HTML5\index_tab.png
template\Azure_blueResponsive_HTML5\layout.css
template\Azure_blueResponsive_HTML5\loading.gif
template\Azure_blueResponsive_HTML5\logo.png
template\Azure_blueResponsive_HTML5\menu.png
template\Azure_blueResponsive_HTML5\next.png
template\Azure_blueResponsive_HTML5\next_active.png
template\Azure_blueResponsive_HTML5\next_mobile.png
template\Azure_blueResponsive_HTML5\next_mobile_active.png
template\Azure_blueResponsive_HTML5\next_tab.png
template\Azure_blueResponsive_HTML5\next_tab_active.png
template\Azure_blueResponsive_HTML5\previous.png
template\Azure_blueResponsive_HTML5\previous_active.png
template\Azure_blueResponsive_HTML5\previous_mobile.png
template\Azure_blueResponsive_HTML5\previous_mobile_active.png
template\Azure_blueResponsive_HTML5\previous_tab.png
template\Azure_blueResponsive_HTML5\previous_tab_active.png
template\Azure_blueResponsive_HTML5\print_desktop.png
template\Azure_blueResponsive_HTML5\remove-active.png
template\Azure_blueResponsive_HTML5\remove.png
template\Azure_blueResponsive_HTML5\search.png
template\Azure_blueResponsive_HTML5\search_desktop.png
template\Azure_blueResponsive_HTML5\search_desktop_active.png
template\Azure_blueResponsive_HTML5\search_desktop_navigation.png
template\Azure_blueResponsive_HTML5\search_mobile.png
template\Azure_blueResponsive_HTML5\search_mobile_active.png
template\Azure_blueResponsive_HTML5\search_mobile_navigation.png
template\Azure_blueResponsive_HTML5\search_tab.png
template\Azure_blueResponsive_HTML5\search_topic_desktop.png
template\Azure_blueResponsive_HTML5\slider_ltr.png
template\Azure_blueResponsive_HTML5\slider_open_ltr.png
template\Azure_blueResponsive_HTML5\slider_open_rtl.png
template\Azure_blueResponsive_HTML5\slider_rtl.png
template\Azure_blueResponsive_HTML5\social_close_ltr.png
template\Azure_blueResponsive_HTML5\social_close_rtl.png
template\Azure_blueResponsive_HTML5\social_open.png
template\Azure_blueResponsive_HTML5\toc_book_closed_desktop.png
template\Azure_blueResponsive_HTML5\toc_book_closed_mobile.png
template\Azure_blueResponsive_HTML5\toc_book_open_desktop.png
template\Azure_blueResponsive_HTML5\toc_book_open_drildown.png
template\Azure_blueResponsive_HTML5\toc_book_open_mobile.png
template\Azure_blueResponsive_HTML5\toc_desktop.png
template\Azure_blueResponsive_HTML5\toc_link_desktop_ltr.png
template\Azure_blueResponsive_HTML5\toc_link_desktop_rtl.png
template\Azure_blueResponsive_HTML5\toc_link_mobile_ltr.png
template\Azure_blueResponsive_HTML5\toc_link_mobile_rtl.png
template\Azure_blueResponsive_HTML5\toc_mobile.png
template\Azure_blueResponsive_HTML5\toc_tab.png
template\Azure_blueResponsive_HTML5\toc_topic_desktop.png
template\Azure_blueResponsive_HTML5\toc_topic_mobile.png
template\Azure_blueResponsive_HTML5\top.png
template\Azure_blueResponsive_HTML5\Topic.slp
template\Azure_blueResponsive_HTML5\usersettings.js
rhstylemapping.css
IP_camera_manual\IP_camera_manual.css
editstyle.css
IP_camera_manual\assets\infinova.jpg
IP_camera_manual\assets\IP_camera_manual_framemaker_assignment_image3.jpg
IP_camera_manual\assets\IP_camera_manual_framemaker_assignment_image5.jpg
IP_camera_manual\assets\IP_camera_manual_framemaker_assignment_image7.jpg
IP_camera_manual\assets\IP_camera_manual_framemaker_assignment_image9.jpg
IP_camera_manual\assets\IP_camera_manual_framemaker_assignment_image11.jpg
IP_camera_manual\assets\IP_camera_manual_framemaker_assignment_image13.jpg
IP_camera_manual\assets\IP_camera_manual_framemaker_assignment_image15.jpg
IP_camera_manual\assets\IP_camera_manual_framemaker_assignment_image17.jpg
IP_camera_manual\assets\IP_camera_manual_framemaker_assignment_image19.jpg
IP_camera_manual\assets\IP_camera_manual_framemaker_assignment_image21.png
IP_camera_manual\assets\IP_camera_manual_framemaker_assignment_image23.png
IP_camera_manual\assets\Screenshot_2025-04-27_115555.png
IP_camera_manual\assets\Screenshot_2025-04-27_120432_FOM_SVG_26.svg
IP_camera_manual\assets\Screenshot_2025-04-27_120432.png
IP_camera_manual\assets\Screenshot_2025-04-27_120432_FOM_SVG_28.svg
IP_camera_manual\assets\IP_camera_manual_framemaker_assignment_image31.jpg
IP_camera_manual\assets\IP_camera_manual_framemaker_assignment_image33.jpg
IP_camera_manual\assets\IP_camera_manual_framemaker_assignment_image35.jpg
IP_camera_manual\assets\IP_camera_manual_framemaker_assignment_image37.jpg
IP_camera_manual\assets\IP_camera_manual_framemaker_assignment_image39.jpg
IP_camera_manual\assets\IP_camera_manual_framemaker_assignment_image41.jpg
IP_camera_manual\assets\IP_camera_manual_framemaker_assignment_image43.jpg
IP_camera_manual\assets\IP_camera_manual_framemaker_assignment_image45.jpg
IP_camera_manual\assets\IP_camera_manual_framemaker_assignment_image47.jpg
IP_camera_manual\assets\IP_camera_manual_framemaker_assignment_image49.jpg
IP_camera_manual\assets\IP_camera_manual_framemaker_assignment_image51.jpg
IP_camera_manual\assets\IP_camera_manual_framemaker_assignment_image53.jpg
IP_camera_manual\assets\IP_camera_manual_framemaker_assignment_image55.jpg
IP_camera_manual\assets\IP_camera_manual_framemaker_assignment_image57.jpg
IP_camera_manual\assets\IP_camera_manual_framemaker_assignment_image59.jpg
IP_camera_manual\assets\IP_camera_manual_framemaker_assignment_image61.jpg
IP_camera_manual\assets\IP_camera_manual_framemaker_assignment_image63.jpg
IP_camera_manual\assets\IP_camera_manual_framemaker_assignment_image65.jpg
IP_camera_manual\assets\IP_camera_manual_framemaker_assignment_image67.jpg
IP_camera_manual\assets\IP_camera_manual_framemaker_assignment_image69.jpg
IP_camera_manual\assets\IP_camera_manual_framemaker_assignment_image71.jpg
IP_camera_manual\assets\IP_camera_manual_framemaker_assignment_image73.jpg
IP_camera_manual\assets\IP_camera_manual_framemaker_assignment_image75.jpg
IP_camera_manual\assets\IP_camera_manual_framemaker_assignment_image77.jpg
IP_camera_manual\assets\IP_camera_manual_framemaker_assignment_image79.jpg
IP_camera_manual\assets\IP_camera_manual_framemaker_assignment_image81.jpg
IP_camera_manual\assets\IP_camera_manual_framemaker_assignment_image83.jpg
IP_camera_manual\assets\IP_camera_manual_framemaker_assignment_image85.jpg
IP_camera_manual\assets\IP_camera_manual_framemaker_assignment_image87.jpg
IP_camera_manual\assets\IP_camera_manual_framemaker_assignment_image89.jpg
IP_camera_manual\assets\IP_camera_manual_framemaker_assignment_image91.jpg
IP_camera_manual\assets\IP_camera_manual_framemaker_assignment_image93_FOM_SVG_92.svg
IP_camera_manual\assets\IP_camera_manual_framemaker_assignment_image93.png
IP_camera_manual\assets\IP_camera_manual_framemaker_assignment_image95_FOM_SVG_94.svg
IP_camera_manual\assets\IP_camera_manual_framemaker_assignment_image95.png
IP_camera_manual\assets\IP_camera_manual_framemaker_assignment_image97_FOM_SVG_96.svg
IP_camera_manual\assets\IP_camera_manual_framemaker_assignment_image97.png
IP_camera_manual\assets\IP_camera_manual_framemaker_assignment_image99.jpg
IP_camera_manual\assets\IP_camera_manual_framemaker_assignment_image101.png
IP_camera_manual\assets\IP_camera_manual_framemaker_assignment_image103.png
IP_camera_manual\assets\IP_camera_manual_framemaker_assignment_image105.png
IP_camera_manual\assets\IP_camera_manual_framemaker_assignment_image107.jpg
IP_camera_manual\assets\IP_camera_manual_framemaker_assignment_image109.png
IP_camera_manual\assets\IP_camera_manual_framemaker_assignment_image111.jpg
IP_camera_manual\assets\IP_camera_manual_framemaker_assignment_image113.jpg
IP_camera_manual\assets\IP_camera_manual_framemaker_assignment_image115_FOM_SVG_114.svg
IP_camera_manual\assets\IP_camera_manual_framemaker_assignment_image115.png
IP_camera_manual\assets\IP_camera_manual_framemaker_assignment_image117.jpg
IP_camera_manual\assets\IP_camera_manual_framemaker_assignment_image119.png
IP_camera_manual\assets\IP_camera_manual_framemaker_assignment_image121.jpg
IP_camera_manual\assets\IP_camera_manual_framemaker_assignment_image123.jpg
IP_camera_manual\assets\IP_camera_manual_framemaker_assignment_image125.jpg
RoboHHRE.lng
ehlpdhtm.js
IP_camera_manual.ppf
whxdata\toc.js
whxdata\toc.new.js
whxdata\idata1.js
whxdata\idata1.new.js
whxdata\idata2.js
whxdata\idata2.new.js
whxdata\idx.js
whxdata\idx.new.js
whxdata\glo.js
whxdata\glo.new.js
whxdata\package_0_xml.js
whxdata\package_1_xml.js
whxdata\package_2_xml.js
whxdata\package_3_xml.js
whxdata\package_4_xml.js
whxdata\package_5_xml.js
whxdata\package_6_xml.js
whxdata\package_7_xml.js
whxdata\package_8_xml.js
whxdata\packageindex_xml.js
whxdata\synonym.xml
whxdata\synonym_xml.js
whxdata\topictable_0_xml.js
whxdata\topictableindex_xml.js
whxdata\whfts.xml
whxdata\whfts_xml.js
whxdata\csh.js
whxdata\window.js
projectdata.js

template\scripts\rh.min.js
template\scripts\common.min.js
template\scripts\topic.min.js
template\scripts\constants.js
template\scripts\utils.js
template\scripts\mhutils.js
template\scripts\mhlang.js
template\scripts\mhver.js
template\scripts\settings.js
template\scripts\xmljsreader.js
template\scripts\loadparentdata.js
template\scripts\loadscreen.js
template\scripts\loadprojdata.js
template\scripts\mhtopic.js
template\styles\topic.min.css
template\scripts\layout.min.js
template\scripts\projectdata.js
template\scripts\loadcsh.js
template\scripts\showhidecontrols.js
template\scripts\pageloader.js
template\images\modal-close.png
template\images\expand.png
template\styles\layoutfix.min.css
template\styles\layout.min.css
template\scripts\mhfhost.js
template\scripts\search.js
template\resources\bsback.png
template\resources\bsnext.png
